-------------------------------------------------------------------------------
Test set: org.application.rest.tests.BookingTests
-------------------------------------------------------------------------------
Tests run: 7, Failures: 1, Errors: 0, Skipped: 0, Time elapsed: 7.573 s <<< FAILURE! - in org.application.rest.tests.BookingTests
DeleteBookingById_returnOk  Time elapsed: 0.609 s  <<< FAILURE!
java.lang.AssertionError: 
1 expectation failed.
Expected status code <201> but was <403>.

	at org.application.rest.tests.BookingTests.DeleteBookingById_returnOk(BookingTests.java:183)

