<?xml version="1.0" encoding="UTF-8"?>
<testsuite xmlns:xsi="http://www.w3.org/2001/XMLSchema-instance" xsi:noNamespaceSchemaLocation="https://maven.apache.org/surefire/maven-surefire-plugin/xsd/surefire-test-report.xsd" name="org.application.rest.tests.BookingTests" time="7.573" tests="7" errors="0" skipped="0" failures="1">
  <properties>
[...]
</properties>
  <testcase name="updateInformationFromExistingBooking" classname="org.application.rest.tests.BookingTests" time="1.932"/>
  <testcase name="CreateAuthToken" classname="org.application.rest.tests.BookingTests" time="1.551"/>
  <testcase name="updatePartOfInformation_returnOk" classname="org.application.rest.tests.BookingTests" time="0.554"/>
  <testcase name="createBooking_WithValidData_returnOk" classname="org.application.rest.tests.BookingTests" time="0.56"/>
  <testcase name="DeleteBookingById_returnOk" classname="org.application.rest.tests.BookingTests" time="0.609">
    <failure message="1 expectation failed.&#10;Expected status code &lt;201&gt; but was &lt;403&gt;.&#10;" type="java.lang.AssertionError"><![CDATA[java.lang.AssertionError: 
1 expectation failed.
Expected status code <201> but was <403>.

	at org.application.rest.tests.BookingTests.DeleteBookingById_returnOk(BookingTests.java:183)
]]></failure>
    <system-out><![CDATA[Request method:	DELETE
Request URI:	https://restful-booker.herokuapp.com/booking/99083
Proxy:			<none>
Request params:	<none>
Query params:	<none>
Form params:	<none>
Path params:	<none>
Headers:		Cookie=token=3390c953ce6c173
				Accept=*/*
				Content-Type=application/json
Cookies:		<none>
Multiparts:		<none>
Body:			<none>
HTTP/1.1 403 Forbidden
Server: Cowboy
Connection: keep-alive
X-Powered-By: Express
Content-Type: text/plain; charset=utf-8
Content-Length: 9
Etag: W/"9-PatfYBLj4Um1qTm5zrukoLhNyPU"
Date: Thu, 22 Dec 2022 02:14:57 GMT
Via: 1.1 vegur

Forbidden
HTTP/1.1 403 Forbidden
Server: Cowboy
Connection: keep-alive
X-Powered-By: Express
Content-Type: text/plain; charset=utf-8
Content-Length: 9
Etag: W/"9-PatfYBLj4Um1qTm5zrukoLhNyPU"
Date: Thu, 22 Dec 2022 02:14:57 GMT
Via: 1.1 vegur

Forbidden
]]></system-out>
  </testcase>
  <testcase name="getAllBookingsByUserFirstName_BookingExists_returnOk" classname="org.application.rest.tests.BookingTests" time="0.828"/>
  <testcase name="getBookingById_returnOk" classname="org.application.rest.tests.BookingTests" time="0.557"/>
</testsuite>